mode: set
github.com/WolvenSpirit/jwt/main.go:27.109,34.16 7 1
github.com/WolvenSpirit/jwt/main.go:37.2,37.14 1 1
github.com/WolvenSpirit/jwt/main.go:42.2,42.63 1 1
github.com/WolvenSpirit/jwt/main.go:45.2,50.18 6 1
github.com/WolvenSpirit/jwt/main.go:34.16,36.3 1 0
github.com/WolvenSpirit/jwt/main.go:37.14,39.3 1 1
github.com/WolvenSpirit/jwt/main.go:39.8,41.3 1 1
github.com/WolvenSpirit/jwt/main.go:42.63,44.3 1 1
github.com/WolvenSpirit/jwt/main.go:53.67,55.9 2 1
github.com/WolvenSpirit/jwt/main.go:58.2,59.9 2 1
github.com/WolvenSpirit/jwt/main.go:62.2,64.42 3 1
github.com/WolvenSpirit/jwt/main.go:68.2,68.13 1 1
github.com/WolvenSpirit/jwt/main.go:55.9,57.3 1 0
github.com/WolvenSpirit/jwt/main.go:59.9,61.3 1 0
github.com/WolvenSpirit/jwt/main.go:64.42,67.3 2 1
